<?xml version="1.0" encoding="UTF-8"?>
<!-- Generated by org.testng.reporters.JUnitReportReporter -->
<testsuite hostname="LAPTOP-6NCFE75A" failures="0" tests="1" name="com.shadowDom.ShadowTest" time="0.082" errors="0" timestamp="2022-01-25T15:09:43 PST" skipped="0">
  <testcase classname="com.shadowDom.ShadowTest" name="googleDownloads" time="0.082"/>
  <system-out/>
</testsuite> <!-- com.shadowDom.ShadowTest -->
